<?xml version="1.0" encoding="UTF-8"?>
<!-- Generated by org.testng.reporters.JUnitXMLReporter -->
<testsuite hostname="LAPTOP-CHA2QIE1" ignored="0" name="ControllerTest" tests="47" failures="5" timestamp="2019-12-23T10:43:21 COT" time="31.302" errors="0">
  <testcase name="testRegistrarEmpresa" time="0.281" classname="com.mitocode.controller.TestNG.TestEmpresaController"/>
  <testcase name="testModificarEmpresa" time="0.119" classname="com.mitocode.controller.TestNG.TestEmpresaController"/>
  <testcase name="testEliminarEmpresa" time="0.023" classname="com.mitocode.controller.TestNG.TestEmpresaController">
    <failure type="java.lang.Exception" message="Error al eliminar empresa">
      <![CDATA[java.lang.Exception: Error al eliminar empresa
at com.mitocode.controller.EmpresaController.eliminar(EmpresaController.java:139)
at com.mitocode.controller.EmpresaController$$FastClassBySpringCGLIB$$a4433a90.invoke(<generated>)
at org.springframework.cglib.proxy.MethodProxy.invoke(MethodProxy.java:218)
at org.springframework.aop.framework.CglibAopProxy$CglibMethodInvocation.invokeJoinpoint(CglibAopProxy.java:749)
at org.springframework.aop.framework.ReflectiveMethodInvocation.proceed(ReflectiveMethodInvocation.java:163)
at org.springframework.transaction.interceptor.TransactionAspectSupport.invokeWithinTransaction(TransactionAspectSupport.java:294)
at org.springframework.transaction.interceptor.TransactionInterceptor.invoke(TransactionInterceptor.java:98)
at org.springframework.aop.framework.ReflectiveMethodInvocation.proceed(ReflectiveMethodInvocation.java:186)
at org.springframework.aop.framework.CglibAopProxy$DynamicAdvisedInterceptor.intercept(CglibAopProxy.java:688)
at com.mitocode.controller.EmpresaController$$EnhancerBySpringCGLIB$$aac4149a.eliminar(<generated>)
at com.mitocode.controller.TestNG.TestEmpresaController.testEliminarEmpresa(TestEmpresaController.java:57)
at org.springframework.test.context.testng.AbstractTestNGSpringContextTests.run(AbstractTestNGSpringContextTests.java:180)
at java.util.ArrayList.forEach(Unknown Source)
... Removed 29 stack frames]]>
    </failure>
  </testcase> <!-- testEliminarEmpresa -->
  <testcase name="testListarEmpresa" time="0.066" classname="com.mitocode.controller.TestNG.TestEmpresaController"/>
  <testcase name="testRegistrarCategoria" time="0.017" classname="com.mitocode.controller.TestNG.TestCategoriaController"/>
  <testcase name="testActualizarCategoria" time="0.037" classname="com.mitocode.controller.TestNG.TestCategoriaController"/>
  <testcase name="testEliminarCategoria" time="0.009" classname="com.mitocode.controller.TestNG.TestCategoriaController">
    <failure type="java.lang.Exception" message="Error al eliminar categoria">
      <![CDATA[java.lang.Exception: Error al eliminar categoria
at com.mitocode.controller.CategoriaController.eliminar(CategoriaController.java:133)
at com.mitocode.controller.CategoriaController$$FastClassBySpringCGLIB$$24fb57fa.invoke(<generated>)
at org.springframework.cglib.proxy.MethodProxy.invoke(MethodProxy.java:218)
at org.springframework.aop.framework.CglibAopProxy$CglibMethodInvocation.invokeJoinpoint(CglibAopProxy.java:749)
at org.springframework.aop.framework.ReflectiveMethodInvocation.proceed(ReflectiveMethodInvocation.java:163)
at org.springframework.transaction.interceptor.TransactionAspectSupport.invokeWithinTransaction(TransactionAspectSupport.java:294)
at org.springframework.transaction.interceptor.TransactionInterceptor.invoke(TransactionInterceptor.java:98)
at org.springframework.aop.framework.ReflectiveMethodInvocation.proceed(ReflectiveMethodInvocation.java:186)
at org.springframework.aop.framework.CglibAopProxy$DynamicAdvisedInterceptor.intercept(CglibAopProxy.java:688)
at com.mitocode.controller.CategoriaController$$EnhancerBySpringCGLIB$$1ccd1f18.eliminar(<generated>)
at com.mitocode.controller.TestNG.TestCategoriaController.testEliminarCategoria(TestCategoriaController.java:43)
at org.springframework.test.context.testng.AbstractTestNGSpringContextTests.run(AbstractTestNGSpringContextTests.java:180)
at java.util.ArrayList.forEach(Unknown Source)
... Removed 29 stack frames]]>
    </failure>
  </testcase> <!-- testEliminarCategoria -->
  <testcase name="testListarCategoria" time="0.042" classname="com.mitocode.controller.TestNG.TestCategoriaController"/>
  <testcase name="testRegistrarCargo" time="0.02" classname="com.mitocode.controller.TestNG.TestCargoController"/>
  <testcase name="testModificarCargo" time="0.022" classname="com.mitocode.controller.TestNG.TestCargoController"/>
  <testcase name="testEliminarCargo" time="0.013" classname="com.mitocode.controller.TestNG.TestCargoController">
    <failure type="java.lang.Exception" message="Error al eliminar cargo">
      <![CDATA[java.lang.Exception: Error al eliminar cargo
at com.mitocode.controller.CargoController.eliminar(CargoController.java:153)
at com.mitocode.controller.CargoController$$FastClassBySpringCGLIB$$50f6a4c3.invoke(<generated>)
at org.springframework.cglib.proxy.MethodProxy.invoke(MethodProxy.java:218)
at org.springframework.aop.framework.CglibAopProxy$CglibMethodInvocation.invokeJoinpoint(CglibAopProxy.java:749)
at org.springframework.aop.framework.ReflectiveMethodInvocation.proceed(ReflectiveMethodInvocation.java:163)
at org.springframework.transaction.interceptor.TransactionAspectSupport.invokeWithinTransaction(TransactionAspectSupport.java:294)
at org.springframework.transaction.interceptor.TransactionInterceptor.invoke(TransactionInterceptor.java:98)
at org.springframework.aop.framework.ReflectiveMethodInvocation.proceed(ReflectiveMethodInvocation.java:186)
at org.springframework.aop.framework.CglibAopProxy$DynamicAdvisedInterceptor.intercept(CglibAopProxy.java:688)
at com.mitocode.controller.CargoController$$EnhancerBySpringCGLIB$$74ccb13.eliminar(<generated>)
at com.mitocode.controller.TestNG.TestCargoController.testEliminarCargo(TestCargoController.java:56)
at org.springframework.test.context.testng.AbstractTestNGSpringContextTests.run(AbstractTestNGSpringContextTests.java:180)
at java.util.ArrayList.forEach(Unknown Source)
... Removed 29 stack frames]]>
    </failure>
  </testcase> <!-- testEliminarCargo -->
  <testcase name="testListarXEmpresaCargo" time="0.065" classname="com.mitocode.controller.TestNG.TestCargoController"/>
  <testcase name="testListarSituacion" time="0.015" classname="com.mitocode.controller.TestNG.TestSituacionController"/>
  <testcase name="testListarEps" time="0.025" classname="com.mitocode.controller.TestNG.TestEpsController"/>
  <testcase name="testListarTipoDoc" time="0.015" classname="com.mitocode.controller.TestNG.TestTipoDocController"/>
  <testcase name="ListarTest" time="0.001" classname="com.mitocode.controller.TestNG.EmpresaServiceImplTestMOCKITO">
    <failure type="java.lang.NullPointerException">
      <![CDATA[java.lang.NullPointerException
at com.mitocode.controller.TestNG.EmpresaServiceImplTestMOCKITO.ListarTest(EmpresaServiceImplTestMOCKITO.java:34)
at org.springframework.test.context.testng.AbstractTestNGSpringContextTests.run(AbstractTestNGSpringContextTests.java:180)
at java.util.ArrayList.forEach(Unknown Source)
... Removed 29 stack frames]]>
    </failure>
  </testcase> <!-- ListarTest -->
  <testcase name="testListarRegSalud" time="0.014" classname="com.mitocode.controller.TestNG.TestRegSaludController"/>
  <testcase name="testlistarPorProvinciaDistrito" time="0.051" classname="com.mitocode.controller.TestNG.TestDistritoController"/>
  <testcase name="testListarPais" time="0.029" classname="com.mitocode.controller.TestNG.TestPaisController"/>
  <testcase name="testListarTipoContrato" time="0.012" classname="com.mitocode.controller.TestNG.TestTipoContratoController"/>
  <testcase name="testGenerarPlanilla" time="0.022" classname="com.mitocode.controller.TestNG.TestPlanillaController">
    <failure type="java.lang.Exception" message="Error al generar planilla">
      <![CDATA[java.lang.Exception: Error al generar planilla
at com.mitocode.controller.PlanillaController.generarPlanilla(PlanillaController.java:60)
at com.mitocode.controller.PlanillaController$$FastClassBySpringCGLIB$$c7899ed2.invoke(<generated>)
at org.springframework.cglib.proxy.MethodProxy.invoke(MethodProxy.java:218)
at org.springframework.aop.framework.CglibAopProxy$CglibMethodInvocation.invokeJoinpoint(CglibAopProxy.java:749)
at org.springframework.aop.framework.ReflectiveMethodInvocation.proceed(ReflectiveMethodInvocation.java:163)
at org.springframework.transaction.interceptor.TransactionAspectSupport.invokeWithinTransaction(TransactionAspectSupport.java:294)
at org.springframework.transaction.interceptor.TransactionInterceptor.invoke(TransactionInterceptor.java:98)
at org.springframework.aop.framework.ReflectiveMethodInvocation.proceed(ReflectiveMethodInvocation.java:186)
at org.springframework.aop.framework.CglibAopProxy$DynamicAdvisedInterceptor.intercept(CglibAopProxy.java:688)
at com.mitocode.controller.PlanillaController$$EnhancerBySpringCGLIB$$1fcefaa0.generarPlanilla(<generated>)
at com.mitocode.controller.TestNG.TestPlanillaController.testGenerarPlanilla(TestPlanillaController.java:32)
at org.springframework.test.context.testng.AbstractTestNGSpringContextTests.run(AbstractTestNGSpringContextTests.java:180)
at java.util.ArrayList.forEach(Unknown Source)
... Removed 29 stack frames]]>
    </failure>
  </testcase> <!-- testGenerarPlanilla -->
  <testcase name="testRegistrarAfp" time="0.016" classname="com.mitocode.controller.TestNG.TestAfpController"/>
  <testcase name="testModificarAfp" time="0.006" classname="com.mitocode.controller.TestNG.TestAfpController"/>
  <testcase name="testEliminarAfp" time="0.072" classname="com.mitocode.controller.TestNG.TestAfpController"/>
  <testcase name="testListarAfp" time="0.014" classname="com.mitocode.controller.TestNG.TestAfpController"/>
  <testcase name="testListarRegimenLaboral" time="0.007" classname="com.mitocode.controller.TestNG.TestRegimenLaboralController"/>
  <testcase name="testRegistrarCentroCosto" time="0.04" classname="com.mitocode.controller.TestNG.TestCentroCostoController"/>
  <testcase name="testActualizarCentroCosto" time="0.009" classname="com.mitocode.controller.TestNG.TestCentroCostoController"/>
  <testcase name="testEliminarCentroCosto" time="0.02" classname="com.mitocode.controller.TestNG.TestCentroCostoController"/>
  <testcase name="testListarCentroCosto" time="0.014" classname="com.mitocode.controller.TestNG.TestCentroCostoController"/>
  <testcase name="testRegistrarTrabajador" time="0.046" classname="com.mitocode.controller.TestNG.TestTrabajadorController"/>
  <testcase name="testModificarTrabajador" time="0.046" classname="com.mitocode.controller.TestNG.TestTrabajadorController"/>
  <testcase name="testListarPorEmpresaTrabajador" time="0.12" classname="com.mitocode.controller.TestNG.TestTrabajadorController"/>
  <testcase name="CrearContratoTrabajador" time="0.001" classname="com.mitocode.controller.TestNG.TestTrabajadorController"/>
  <testcase name="CrearTrabTrabajador" time="0.002" classname="com.mitocode.controller.TestNG.TestTrabajadorController"/>
  <testcase name="testListarNivelEdu" time="0.013" classname="com.mitocode.controller.TestNG.TestNivelEduController"/>
  <testcase name="testListarSctr" time="0.023" classname="com.mitocode.controller.TestNG.TestSctrController"/>
  <testcase name="testListarNivelEdu" time="0.073" classname="com.mitocode.controller.TestNG.TestOcupacionController"/>
  <testcase name="testListarBanco" time="0.011" classname="com.mitocode.controller.TestNG.TestBancoController"/>
  <testcase name="testRegistrarParametro" time="0.023" classname="com.mitocode.controller.TestNG.TestParametroController"/>
  <testcase name="testModificarParametro" time="0.007" classname="com.mitocode.controller.TestNG.TestParametroController"/>
  <testcase name="testEliminarParametro" time="0.018" classname="com.mitocode.controller.TestNG.TestParametroController"/>
  <testcase name="testListarParametro" time="0.011" classname="com.mitocode.controller.TestNG.TestParametroController"/>
  <testcase name="testListarTipoPago" time="0.01" classname="com.mitocode.controller.TestNG.TestTipoPagoController"/>
  <testcase name="testListarTipoZona" time="0.008" classname="com.mitocode.controller.TestNG.TestTipoZonaController"/>
  <testcase name="testListarDepartamento" time="0.009" classname="com.mitocode.controller.TestNG.TestDepartamentoController"/>
  <testcase name="testListarPorDepartamentoProvincia" time="0.036" classname="com.mitocode.controller.TestNG.TestProvinciaController"/>
</testsuite> <!-- ControllerTest -->
