<?xml version="1.0" encoding="UTF-8"?>
<testng-results skipped="0" failed="0" ignored="0" total="1" passed="1">
  <reporter-output>
  </reporter-output>
  <suite name="Default suite" duration-ms="43260" started-at="2020-08-07T14:17:36 COT" finished-at="2020-08-07T14:18:19 COT">
    <groups>
    </groups>
    <test name="Default test" duration-ms="43260" started-at="2020-08-07T14:17:36 COT" finished-at="2020-08-07T14:18:19 COT">
      <class name="com.mitocode.controller.PostulanteControllerTestPI">
        <test-method status="PASS" signature="springTestContextBeforeTestClass()[pri:0, instance:com.mitocode.controller.PostulanteControllerTestPI@df6620a]" name="springTestContextBeforeTestClass" is-config="true" duration-ms="58" started-at="2020-08-07T14:17:36 COT" finished-at="2020-08-07T14:17:36 COT">
          <reporter-output>
          </reporter-output>
        </test-method> <!-- springTestContextBeforeTestClass -->
        <test-method status="PASS" signature="springTestContextPrepareTestInstance()[pri:0, instance:com.mitocode.controller.PostulanteControllerTestPI@df6620a]" name="springTestContextPrepareTestInstance" is-config="true" duration-ms="42680" started-at="2020-08-07T14:17:36 COT" depends-on-methods="org.springframework.test.context.testng.AbstractTestNGSpringContextTests.springTestContextBeforeTestClass" finished-at="2020-08-07T14:18:19 COT">
          <reporter-output>
          </reporter-output>
        </test-method> <!-- springTestContextPrepareTestInstance -->
        <test-method status="PASS" signature="springTestContextBeforeTestMethod(java.lang.reflect.Method)[pri:0, instance:com.mitocode.controller.PostulanteControllerTestPI@df6620a]" name="springTestContextBeforeTestMethod" is-config="true" duration-ms="46" started-at="2020-08-07T14:18:19 COT" finished-at="2020-08-07T14:18:19 COT">
          <params>
            <param index="0">
              <value>
                <![CDATA[public void com.mitocode.controller.PostulanteControllerTestPI.registrarTest() throws java.lang.Exception]]>
              </value>
            </param>
          </params>
          <reporter-output>
          </reporter-output>
        </test-method> <!-- springTestContextBeforeTestMethod -->
        <test-method status="PASS" signature="registrarTest()[pri:0, instance:com.mitocode.controller.PostulanteControllerTestPI@df6620a]" name="registrarTest" duration-ms="396" started-at="2020-08-07T14:18:19 COT" finished-at="2020-08-07T14:18:19 COT">
          <reporter-output>
          </reporter-output>
        </test-method> <!-- registrarTest -->
        <test-method status="PASS" signature="springTestContextAfterTestMethod(java.lang.reflect.Method)[pri:0, instance:com.mitocode.controller.PostulanteControllerTestPI@df6620a]" name="springTestContextAfterTestMethod" is-config="true" duration-ms="1" started-at="2020-08-07T14:18:19 COT" finished-at="2020-08-07T14:18:19 COT">
          <params>
            <param index="0">
              <value>
                <![CDATA[public void com.mitocode.controller.PostulanteControllerTestPI.registrarTest() throws java.lang.Exception]]>
              </value>
            </param>
          </params>
          <reporter-output>
          </reporter-output>
        </test-method> <!-- springTestContextAfterTestMethod -->
        <test-method status="PASS" signature="springTestContextAfterTestClass()[pri:0, instance:com.mitocode.controller.PostulanteControllerTestPI@df6620a]" name="springTestContextAfterTestClass" is-config="true" duration-ms="0" started-at="2020-08-07T14:18:19 COT" finished-at="2020-08-07T14:18:19 COT">
          <reporter-output>
          </reporter-output>
        </test-method> <!-- springTestContextAfterTestClass -->
      </class> <!-- com.mitocode.controller.PostulanteControllerTestPI -->
    </test> <!-- Default test -->
  </suite> <!-- Default suite -->
</testng-results>
